<?xml version="1.0" encoding="UTF-8"?>
<testng-results ignored="0" total="2" passed="2" failed="0" skipped="0">
  <reporter-output>
  </reporter-output>
  <suite started-at="2024-03-19T09:56:02 IST" name="Default suite" finished-at="2024-03-19T09:56:02 IST" duration-ms="63">
    <groups>
    </groups>
    <test started-at="2024-03-19T09:56:02 IST" name="Default test" finished-at="2024-03-19T09:56:02 IST" duration-ms="63">
      <class name="testNg.Numbrer">
        <test-method signature="s()[pri:1, instance:testNg.Numbrer@750e2b97]" started-at="2024-03-19T09:56:02 IST" name="s" finished-at="2024-03-19T09:56:02 IST" duration-ms="6" status="PASS">
          <reporter-output>
          </reporter-output>
        </test-method> <!-- s -->
        <test-method signature="a()[pri:2, instance:testNg.Numbrer@750e2b97]" started-at="2024-03-19T09:56:02 IST" name="a" finished-at="2024-03-19T09:56:02 IST" duration-ms="2" status="PASS">
          <reporter-output>
          </reporter-output>
        </test-method> <!-- a -->
      </class> <!-- testNg.Numbrer -->
    </test> <!-- Default test -->
  </suite> <!-- Default suite -->
</testng-results>
